-------------------------------------------------------------------------------
Test set: TestSuite
-------------------------------------------------------------------------------
Tests run: 2, Failures: 1, Errors: 0, Skipped: 0, Time elapsed: 731.192 sec <<< FAILURE! - in TestSuite
afterMethod(appium.mobile.AllProducts)  Time elapsed: 716.467 sec  <<< FAILURE!
java.lang.NullPointerException
	at appium.mobile.AllProducts.afterMethod(AllProducts.java:80)

